<?xml version="1.0" encoding="UTF-8"?>
<!-- Generated by org.testng.reporters.JUnitReportReporter -->
<testsuite hostname="INBook_X1" failures="0" tests="1" name="test.apiChaing" time="2.948" errors="0" timestamp="2024-01-03T18:50:25 IST" skipped="0">
  <testcase classname="test.apiChaing" name="grtListUser" time="2.948"/>
  <system-out/>
</testsuite> <!-- test.apiChaing -->
