<?xml version="1.0" encoding="UTF-8"?>
<!-- Generated by org.testng.reporters.JUnitReportReporter -->
<testsuite hostname="INBook_X1" failures="0" tests="3" name="test.ApiTokenExample" time="4.405" errors="0" timestamp="2024-01-04T08:27:08 IST" skipped="0">
  <testcase classname="test.ApiTokenExample" name="testApiWithToken" time="2.174"/>
  <system-out/>
  <testcase classname="test.ApiTokenExample" name="testApiWithToken1" time="1.601"/>
  <system-out/>
  <testcase classname="test.ApiTokenExample" name="testApiWithToken2" time="0.630"/>
  <system-out/>
</testsuite> <!-- test.ApiTokenExample -->
